<?xml version="1.0" encoding="UTF-8" ?>
<testsuite tests="7" failures="0" name="com.animalshelter.TestUser" time="0.533" errors="0" skipped="0">
  <properties>
    <property name="java.runtime.name" value="OpenJDK Runtime Environment"/>
    <property name="java.vm.version" value="15+36-1562"/>
    <property name="sun.boot.library.path" value="/Applications/SpringToolSuite4.app/Contents/Eclipse/plugins/org.eclipse.justj.openjdk.hotspot.jre.full.macosx.x86_64_15.0.0.v20201014-1246/jre/lib"/>
    <property name="maven.multiModuleProjectDirectory" value="/Users/acapp5K1/Desktop/Project0AnimalShelter"/>
    <property name="java.vm.vendor" value="Oracle Corporation"/>
    <property name="java.vendor.url" value="https://java.oracle.com/"/>
    <property name="guice.disable.misplaced.annotation.check" value="true"/>
    <property name="path.separator" value=":"/>
    <property name="java.vm.name" value="OpenJDK 64-Bit Server VM"/>
    <property name="user.country" value="US"/>
    <property name="sun.java.launcher" value="SUN_STANDARD"/>
    <property name="java.vm.specification.name" value="Java Virtual Machine Specification"/>
    <property name="user.dir" value="/Users/acapp5K1/Desktop/Project0AnimalShelter"/>
    <property name="java.vm.compressedOopsMode" value="Zero based"/>
    <property name="java.runtime.version" value="15+36-1562"/>
    <property name="os.arch" value="x86_64"/>
    <property name="java.io.tmpdir" value="/var/folders/sd/fs63mfgs58l6vf2wf88nvv0r0000gp/T/"/>
    <property name="line.separator" value="
"/>
    <property name="java.vm.specification.vendor" value="Oracle Corporation"/>
    <property name="os.name" value="Mac OS X"/>
    <property name="classworlds.conf" value="/Users/acapp5K1/Desktop/.metadata/.plugins/org.eclipse.m2e.launching/launches/m2conf2262172231288452796.tmp"/>
    <property name="jansi.force" value="true"/>
    <property name="sun.jnu.encoding" value="UTF-8"/>
    <property name="java.library.path" value="/Users/acapp5K1/Library/Java/Extensions:/Library/Java/Extensions:/Network/Library/Java/Extensions:/System/Library/Java/Extensions:/usr/lib/java:."/>
    <property name="jdk.debug" value="release"/>
    <property name="java.class.version" value="59.0"/>
    <property name="java.specification.name" value="Java Platform API Specification"/>
    <property name="sun.management.compiler" value="HotSpot 64-Bit Tiered Compilers"/>
    <property name="os.version" value="10.15.7"/>
    <property name="http.nonProxyHosts" value="169.254/16|*.169.254/16"/>
    <property name="user.home" value="/Users/acapp5K1"/>
    <property name="user.timezone" value="America/Los_Angeles"/>
    <property name="file.encoding" value="UTF-8"/>
    <property name="java.specification.version" value="15"/>
    <property name="user.name" value="acapp5K1"/>
    <property name="java.class.path" value="/Applications/SpringToolSuite4.app/Contents/Eclipse/plugins/org.eclipse.m2e.maven.runtime_1.16.0.20200610-1735/jars/plexus-classworlds-2.6.0.jar"/>
    <property name="java.vm.specification.version" value="15"/>
    <property name="sun.arch.data.model" value="64"/>
    <property name="sun.java.command" value="org.codehaus.plexus.classworlds.launcher.Launcher -B package -Dstyle.color=always"/>
    <property name="java.home" value="/Applications/SpringToolSuite4.app/Contents/Eclipse/plugins/org.eclipse.justj.openjdk.hotspot.jre.full.macosx.x86_64_15.0.0.v20201014-1246/jre"/>
    <property name="user.language" value="en"/>
    <property name="java.specification.vendor" value="Oracle Corporation"/>
    <property name="java.vm.info" value="mixed mode"/>
    <property name="java.version" value="15"/>
    <property name="java.vendor" value="Oracle Corporation"/>
    <property name="maven.home" value="/Users/acapp5K1/Desktop/Project0AnimalShelter/EMBEDDED"/>
    <property name="style.color" value="always"/>
    <property name="file.separator" value="/"/>
    <property name="java.version.date" value="2020-09-15"/>
    <property name="java.vendor.url.bug" value="https://bugreport.java.com/bugreport/"/>
    <property name="sun.io.unicode.encoding" value="UnicodeBig"/>
    <property name="sun.cpu.endian" value="little"/>
    <property name="socksNonProxyHosts" value="169.254/16|*.169.254/16"/>
    <property name="ftp.nonProxyHosts" value="169.254/16|*.169.254/16"/>
  </properties>
  <testcase classname="com.animalshelter.TestUser" name="testGetAllUsers" time="0.145"/>
  <testcase classname="com.animalshelter.TestUser" name="testUpdateUser" time="0.357"/>
  <testcase classname="com.animalshelter.TestUser" name="test1" time="0"/>
  <testcase classname="com.animalshelter.TestUser" name="testGetUserByUsername" time="0.001"/>
  <testcase classname="com.animalshelter.TestUser" name="testGetUserByIdResultKeyException" time="0.001"/>
  <testcase classname="com.animalshelter.TestUser" name="testGetUserById" time="0.001"/>
  <testcase classname="com.animalshelter.TestUser" name="testCreateNewUser" time="0.028"/>
</testsuite>